  KmcRun.cpp
C:\Users\s134864\source\repos\KMC\KMC\include\RateEngine.h(46,12): error C2086: 'double RateEngine::R_forster': redefinition
C:\Users\s134864\source\repos\KMC\KMC\include\RateEngine.h(43): message : see declaration of 'RateEngine::R_forster'
C:\Users\s134864\source\repos\KMC\KMC\src\KmcRun.cpp(288,34): error C2679: binary '[': no operator found which takes a right-hand operand of type 'overloaded-function' (or there is no acceptable conversion)
C:\Program Files (x86)\Microsoft Visual Studio\2019\Community\VC\Tools\MSVC\14.24.28314\include\vector(1508,27): message : could be 'const _Ty &std::vector<_Ty,std::allocator<_Ty>>::operator [](const unsigned int) noexcept const'
          with
          [
              _Ty=Site
          ]
C:\Program Files (x86)\Microsoft Visual Studio\2019\Community\VC\Tools\MSVC\14.24.28314\include\vector(1498,21): message : or       '_Ty &std::vector<_Ty,std::allocator<_Ty>>::operator [](const unsigned int) noexcept'
          with
          [
              _Ty=Site
          ]
C:\Users\s134864\source\repos\KMC\KMC\src\KmcRun.cpp(288,34): message : while trying to match the argument list '(std::vector<Site,std::allocator<Site>>, overloaded-function)'
C:\Users\s134864\source\repos\KMC\KMC\src\KmcRun.cpp(289,28): error C2679: binary '[': no operator found which takes a right-hand operand of type 'overloaded-function' (or there is no acceptable conversion)
C:\Program Files (x86)\Microsoft Visual Studio\2019\Community\VC\Tools\MSVC\14.24.28314\include\vector(1508,27): message : could be 'const _Ty &std::vector<_Ty,std::allocator<_Ty>>::operator [](const unsigned int) noexcept const'
          with
          [
              _Ty=Site
          ]
C:\Program Files (x86)\Microsoft Visual Studio\2019\Community\VC\Tools\MSVC\14.24.28314\include\vector(1498,21): message : or       '_Ty &std::vector<_Ty,std::allocator<_Ty>>::operator [](const unsigned int) noexcept'
          with
          [
              _Ty=Site
          ]
C:\Users\s134864\source\repos\KMC\KMC\src\KmcRun.cpp(289,28): message : while trying to match the argument list '(std::vector<Site,std::allocator<Site>>, overloaded-function)'
C:\Users\s134864\source\repos\KMC\KMC\src\KmcRun.cpp(303,34): error C2679: binary '[': no operator found which takes a right-hand operand of type 'overloaded-function' (or there is no acceptable conversion)
C:\Program Files (x86)\Microsoft Visual Studio\2019\Community\VC\Tools\MSVC\14.24.28314\include\vector(1508,27): message : could be 'const _Ty &std::vector<_Ty,std::allocator<_Ty>>::operator [](const unsigned int) noexcept const'
          with
          [
              _Ty=Site
          ]
C:\Program Files (x86)\Microsoft Visual Studio\2019\Community\VC\Tools\MSVC\14.24.28314\include\vector(1498,21): message : or       '_Ty &std::vector<_Ty,std::allocator<_Ty>>::operator [](const unsigned int) noexcept'
          with
          [
              _Ty=Site
          ]
C:\Users\s134864\source\repos\KMC\KMC\src\KmcRun.cpp(303,34): message : while trying to match the argument list '(std::vector<Site,std::allocator<Site>>, overloaded-function)'
C:\Users\s134864\source\repos\KMC\KMC\src\KmcRun.cpp(304,28): error C2679: binary '[': no operator found which takes a right-hand operand of type 'overloaded-function' (or there is no acceptable conversion)
C:\Program Files (x86)\Microsoft Visual Studio\2019\Community\VC\Tools\MSVC\14.24.28314\include\vector(1508,27): message : could be 'const _Ty &std::vector<_Ty,std::allocator<_Ty>>::operator [](const unsigned int) noexcept const'
          with
          [
              _Ty=Site
          ]
C:\Program Files (x86)\Microsoft Visual Studio\2019\Community\VC\Tools\MSVC\14.24.28314\include\vector(1498,21): message : or       '_Ty &std::vector<_Ty,std::allocator<_Ty>>::operator [](const unsigned int) noexcept'
          with
          [
              _Ty=Site
          ]
C:\Users\s134864\source\repos\KMC\KMC\src\KmcRun.cpp(304,28): message : while trying to match the argument list '(std::vector<Site,std::allocator<Site>>, overloaded-function)'
  OutputManger.cpp
  RandomEngine.cpp
  RateEngine.cpp
C:\Users\s134864\source\repos\KMC\KMC\include\RateEngine.h(46,12): error C2086: 'double RateEngine::R_forster': redefinition
C:\Users\s134864\source\repos\KMC\KMC\include\RateEngine.h(43): message : see declaration of 'RateEngine::R_forster'
  Site.cpp
C:\Users\s134864\source\repos\KMC\KMC\src\Site.cpp(29,12): error C2039: 'computeTotals': is not a member of 'Site'
C:\Users\s134864\source\repos\KMC\KMC\include\Site.h(20): message : see declaration of 'Site'
C:\Users\s134864\source\repos\KMC\KMC\src\Site.cpp(31,22): error C2065: 'sRRates': undeclared identifier
C:\Users\s134864\source\repos\KMC\KMC\src\Site.cpp(32,16): error C2065: 'nbRate': undeclared identifier
C:\Users\s134864\source\repos\KMC\KMC\src\Site.cpp(34,2): error C2065: 'totalRates': undeclared identifier
C:\Users\s134864\source\repos\KMC\KMC\src\Site.cpp(36,22): error C2065: 'sRRates': undeclared identifier
C:\Users\s134864\source\repos\KMC\KMC\src\Site.cpp(37,16): error C2065: 'nbRate': undeclared identifier
C:\Users\s134864\source\repos\KMC\KMC\src\Site.cpp(39,2): error C2065: 'totalRates': undeclared identifier
C:\Users\s134864\source\repos\KMC\KMC\src\Site.cpp(41,22): error C2065: 'sRRates': undeclared identifier
C:\Users\s134864\source\repos\KMC\KMC\src\Site.cpp(42,16): error C2065: 'nbRate': undeclared identifier
C:\Users\s134864\source\repos\KMC\KMC\src\Site.cpp(44,2): error C2065: 'totalRates': undeclared identifier
C:\Users\s134864\source\repos\KMC\KMC\src\Site.cpp(46,22): error C2065: 'lRRates': undeclared identifier
C:\Users\s134864\source\repos\KMC\KMC\src\Site.cpp(46,31): error C2672: 'begin': no matching overloaded function found
C:\Users\s134864\source\repos\KMC\KMC\src\Site.cpp(46,31): error C2893: Failed to specialize function template 'unknown-type std::begin(_Container &)'
C:\Program Files (x86)\Microsoft Visual Studio\2019\Community\VC\Tools\MSVC\14.24.28314\include\xutility(1903): message : see declaration of 'std::begin'
C:\Users\s134864\source\repos\KMC\KMC\src\Site.cpp(46,31): message : With the following template arguments:
C:\Users\s134864\source\repos\KMC\KMC\src\Site.cpp(46,31): message : '_Container=unknown-type'
C:\Users\s134864\source\repos\KMC\KMC\src\Site.cpp(46,31): error C2784: 'const _Elem *std::begin(std::initializer_list<_Elem>) noexcept': could not deduce template argument for 'std::initializer_list<_Elem>' from 'unknown-type'
C:\Program Files (x86)\Microsoft Visual Studio\2019\Community\VC\Tools\MSVC\14.24.28314\include\initializer_list(57): message : see declaration of 'std::begin'
C:\Users\s134864\source\repos\KMC\KMC\src\Site.cpp(46,31): error C2672: 'end': no matching overloaded function found
C:\Users\s134864\source\repos\KMC\KMC\src\Site.cpp(46,31): error C2893: Failed to specialize function template 'unknown-type std::end(_Container &)'
C:\Program Files (x86)\Microsoft Visual Studio\2019\Community\VC\Tools\MSVC\14.24.28314\include\xutility(1913): message : see declaration of 'std::end'
C:\Users\s134864\source\repos\KMC\KMC\src\Site.cpp(46,31): message : With the following template arguments:
C:\Users\s134864\source\repos\KMC\KMC\src\Site.cpp(46,31): message : '_Container=unknown-type'
C:\Users\s134864\source\repos\KMC\KMC\src\Site.cpp(46,31): error C2784: 'const _Elem *std::end(std::initializer_list<_Elem>) noexcept': could not deduce template argument for 'std::initializer_list<_Elem>' from 'unknown-type'
C:\Program Files (x86)\Microsoft Visual Studio\2019\Community\VC\Tools\MSVC\14.24.28314\include\initializer_list(63): message : see declaration of 'std::end'
C:\Users\s134864\source\repos\KMC\KMC\src\Site.cpp(46,31): error C3536: '<begin>$L3': cannot be used before it is initialized
C:\Users\s134864\source\repos\KMC\KMC\src\Site.cpp(46,31): error C3536: '<end>$L3': cannot be used before it is initialized
C:\Users\s134864\source\repos\KMC\KMC\src\Site.cpp(46,31): error C2100: illegal indirection
C:\Users\s134864\source\repos\KMC\KMC\src\Site.cpp(49,2): error C2065: 'totalRates': undeclared identifier
C:\Users\s134864\source\repos\KMC\KMC\src\Site.cpp(53,11): error C2039: 'getNextHop': is not a member of 'Site'
C:\Users\s134864\source\repos\KMC\KMC\include\Site.h(20): message : see declaration of 'Site'
C:\Users\s134864\source\repos\KMC\KMC\src\Site.cpp(53,56): error C2270: 'getNextHop': modifiers not allowed on nonmember functions
C:\Users\s134864\source\repos\KMC\KMC\src\Site.cpp(54,28): error C2065: 'totalRates': undeclared identifier
C:\Users\s134864\source\repos\KMC\KMC\src\Site.cpp(57,30): error C2065: 'lRRates': undeclared identifier
C:\Users\s134864\source\repos\KMC\KMC\src\Site.cpp(58,15): error C2065: 'lRRates': undeclared identifier
C:\Users\s134864\source\repos\KMC\KMC\src\Site.cpp(60,12): error C2065: 'lRNeighbours': undeclared identifier
C:\Users\s134864\source\repos\KMC\KMC\src\Site.cpp(65,30): error C2065: 'sRRates': undeclared identifier
C:\Users\s134864\source\repos\KMC\KMC\src\Site.cpp(66,15): error C2065: 'sRRates': undeclared identifier
C:\Users\s134864\source\repos\KMC\KMC\src\Site.cpp(68,12): error C2065: 'sRNeighbours': undeclared identifier
  main.cpp
C:\Users\s134864\source\repos\KMC\KMC\include\RateEngine.h(46,12): error C2086: 'double RateEngine::R_forster': redefinition
C:\Users\s134864\source\repos\KMC\KMC\include\RateEngine.h(43): message : see declaration of 'RateEngine::R_forster'
  Generating Code...
